生成启动时间为 2017/7/23 23:08:15。
     1>项目“E:\Code\Visual Studio\C++\SaleSystem\SaleSystem\SaleSystem.vcxproj”在节点 2 上(Build 个目标)。
     1>ClCompile:
         D:\Program\Microsoft Visual Studio 12.0\VC\bin\CL.exe /c /ZI /nologo /W3 /WX- /sdl /Od /Oy- /D WIN32 /D _WINDOWS /D _DEBUG /D _CRT_SECURE_NO_WARNINGS /D _UNICODE /D UNICODE /D _AFXDLL /Gm /EHsc /RTC1 /MDd /GS /fp:precise /Zc:wchar_t /Zc:forScope /Yu"stdafx.h" /Fp"Debug\SaleSystem.pch" /Fo"Debug\\" /Fd"Debug\vc120.pdb" /Gd /TP /analyze- /errorReport:prompt DlgLogin.cpp
         DlgLogin.cpp
       Link:
         D:\Program\Microsoft Visual Studio 12.0\VC\bin\link.exe /ERRORREPORT:PROMPT /OUT:"E:\Code\Visual Studio\C++\SaleSystem\Debug\SaleSystem.exe" /INCREMENTAL /NOLOGO /MANIFEST /MANIFESTUAC:"level='asInvoker' uiAccess='false'" /manifest:embed /manifestinput:"D:\Program\Microsoft Visual Studio 12.0\VC\Include\Manifest\dpiaware.manifest" /DEBUG /PDB:"E:\Code\Visual Studio\C++\SaleSystem\Debug\SaleSystem.pdb" /SUBSYSTEM:WINDOWS /TLBID:1 /ENTRY:"wWinMainCRTStartup" /DYNAMICBASE /NXCOMPAT /IMPLIB:"E:\Code\Visual Studio\C++\SaleSystem\Debug\SaleSystem.lib" /MACHINE:X86 Debug\SaleSystem.res
         Debug\DisplayView.obj
         Debug\DlgAdd.obj
         Debug\DlgDel.obj
         Debug\DlgInfo.obj
         Debug\DlgLogin.obj
         Debug\DlgPerson1.obj
         Debug\DlgSell.obj
         Debug\InfoFile.obj
         Debug\MainFrm.obj
         Debug\SaleSystem.obj
         Debug\SaleSystemDoc.obj
         Debug\SaleSystemView.obj
         Debug\SelectView.obj
         Debug\stdafx.obj
         SaleSystem.vcxproj -> E:\Code\Visual Studio\C++\SaleSystem\Debug\SaleSystem.exe
     1>已完成生成项目“E:\Code\Visual Studio\C++\SaleSystem\SaleSystem\SaleSystem.vcxproj”(Build 个目标)的操作。

生成成功。

已用时间 00:00:00.68
